<?xml version="1.0" encoding="UTF-8"?>
<testsuite xmlns:xsi="http://www.w3.org/2001/XMLSchema-instance" xsi:noNamespaceSchemaLocation="https://maven.apache.org/surefire/maven-surefire-plugin/xsd/surefire-test-report-3.0.xsd" version="3.0" name="com.main.ParTest" time="0.098" tests="13" errors="0" skipped="0" failures="0">
  <properties>
[...]
</properties>
  <testcase name="parOuImparParTest" classname="com.main.ParTest" time="0.005"/>
  <testcase name="verificarSeEParTest" classname="com.main.ParTest" time="0.012"/>
  <testcase name="verificarParImparNegativoImparTest" classname="com.main.ParTest" time="0.001"/>
  <testcase name="verificarParImparNegativoParTest" classname="com.main.ParTest" time="0.005"/>
  <testcase name="verificarNumeroNegativoImparTest" classname="com.main.ParTest" time="0.01"/>
  <testcase name="verificarParImparZeroTest" classname="com.main.ParTest" time="0.004"/>
  <testcase name="verificarNumeroMaximoInteiroTest" classname="com.main.ParTest" time="0.002"/>
  <testcase name="parOuImparImparTest" classname="com.main.ParTest" time="0.003"/>
  <testcase name="verificarNumeroNegativoParTest" classname="com.main.ParTest" time="0.0"/>
  <testcase name="verificarParImparImparTest" classname="com.main.ParTest" time="0.0"/>
  <testcase name="verificarSeEImparTest" classname="com.main.ParTest" time="0.0"/>
  <testcase name="verificarParImparParTest" classname="com.main.ParTest" time="0.001"/>
  <testcase name="verificarSeZeroEParTest" classname="com.main.ParTest" time="0.006"/>
</testsuite>